Flow report for top
Sun Jan 10 21:13:09 2021
Quartus II 64-Bit Version 13.1.0 Build 162 10/23/2013 SJ Full Version


---------------------
; Table of Contents ;
---------------------
  1. Legal Notice
  2. Flow Summary
  3. Flow Settings
  4. Flow Non-Default Global Settings
  5. Flow Elapsed Time
  6. Flow OS Summary
  7. Flow Log
  8. Flow Messages
  9. Flow Suppressed Messages



----------------
; Legal Notice ;
----------------
Copyright (C) 1991-2013 Altera Corporation
Your use of Altera Corporation's design tools, logic functions 
and other software and tools, and its AMPP partner logic 
functions, and any output files from any of the foregoing 
(including device programming or simulation files), and any 
associated documentation or information are expressly subject 
to the terms and conditions of the Altera Program License 
Subscription Agreement, Altera MegaCore Function License 
Agreement, or other applicable license agreement, including, 
without limitation, that your use is for the sole purpose of 
programming logic devices manufactured by Altera and sold by 
Altera or its authorized distributors.  Please refer to the 
applicable agreement for further details.



+----------------------------------------------------------------------------------+
; Flow Summary                                                                     ;
+------------------------------------+---------------------------------------------+
; Flow Status                        ; Successful - Sun Jan 10 21:13:09 2021       ;
; Quartus II 64-Bit Version          ; 13.1.0 Build 162 10/23/2013 SJ Full Version ;
; Revision Name                      ; top                                         ;
; Top-level Entity Name              ; top                                         ;
; Family                             ; Cyclone IV E                                ;
; Device                             ; EP4CE10F17C8                                ;
; Timing Models                      ; Final                                       ;
; Total logic elements               ; 2,293 / 10,320 ( 22 % )                     ;
;     Total combinational functions  ; 1,576 / 10,320 ( 15 % )                     ;
;     Dedicated logic registers      ; 1,879 / 10,320 ( 18 % )                     ;
; Total registers                    ; 1879                                        ;
; Total pins                         ; 10 / 180 ( 6 % )                            ;
; Total virtual pins                 ; 0                                           ;
; Total memory bits                  ; 131,584 / 423,936 ( 31 % )                  ;
; Embedded Multiplier 9-bit elements ; 0 / 46 ( 0 % )                              ;
; Total PLLs                         ; 1 / 2 ( 50 % )                              ;
+------------------------------------+---------------------------------------------+


+-----------------------------------------+
; Flow Settings                           ;
+-------------------+---------------------+
; Option            ; Setting             ;
+-------------------+---------------------+
; Start date & time ; 12/22/2020 12:08:07 ;
; Main task         ; Compilation         ;
; Revision Name     ; top                 ;
+-------------------+---------------------+


+-------------------------------------------------------------------------------------------------------------------------------------------------+
; Flow Non-Default Global Settings                                                                                                                ;
+--------------------------------------+-----------------------------------------------------------+---------------+-------------+----------------+
; Assignment Name                      ; Value                                                     ; Default Value ; Entity Name ; Section Id     ;
+--------------------------------------+-----------------------------------------------------------+---------------+-------------+----------------+
; COMPILER_SIGNATURE_ID                ; 5311872710781.160861008711780                             ; --            ; --          ; --             ;
; EDA_DESIGN_INSTANCE_NAME             ; NA                                                        ; --            ; --          ; pll_tb         ;
; EDA_DESIGN_INSTANCE_NAME             ; NA                                                        ; --            ; --          ; ram_tb         ;
; EDA_NATIVELINK_SIMULATION_TEST_BENCH ; ram_tb                                                    ; --            ; --          ; eda_simulation ;
; EDA_OUTPUT_DATA_FORMAT               ; Verilog Hdl                                               ; --            ; --          ; eda_simulation ;
; EDA_SIMULATION_TOOL                  ; ModelSim (Verilog)                                        ; <None>        ; --          ; --             ;
; EDA_TEST_BENCH_ENABLE_STATUS         ; TEST_BENCH_MODE                                           ; --            ; --          ; eda_simulation ;
; EDA_TEST_BENCH_FILE                  ; ../../../Sim/Fpga_sim/Verilog/pll_tb.v                    ; --            ; --          ; pll_tb         ;
; EDA_TEST_BENCH_FILE                  ; ../../../Sim/Fpga_sim/Verilog/ram_tb.v                    ; --            ; --          ; ram_tb         ;
; EDA_TEST_BENCH_MODULE_NAME           ; pll_tb                                                    ; --            ; --          ; pll_tb         ;
; EDA_TEST_BENCH_MODULE_NAME           ; ram_tb                                                    ; --            ; --          ; ram_tb         ;
; EDA_TEST_BENCH_NAME                  ; pll_tb                                                    ; --            ; --          ; eda_simulation ;
; EDA_TEST_BENCH_NAME                  ; ram_tb                                                    ; --            ; --          ; eda_simulation ;
; EDA_TIME_SCALE                       ; 1 ps                                                      ; --            ; --          ; eda_simulation ;
; IP_TOOL_NAME                         ; RAM: 2-PORT                                               ; --            ; --          ; --             ;
; IP_TOOL_NAME                         ; ALTPLL                                                    ; --            ; --          ; --             ;
; IP_TOOL_NAME                         ; ALTPLL                                                    ; --            ; --          ; --             ;
; IP_TOOL_NAME                         ; SignalTap II Logic Analyzer                               ; --            ; --          ; --             ;
; IP_TOOL_VERSION                      ; 13.1                                                      ; --            ; --          ; --             ;
; IP_TOOL_VERSION                      ; 13.1                                                      ; --            ; --          ; --             ;
; IP_TOOL_VERSION                      ; 13.1                                                      ; --            ; --          ; --             ;
; IP_TOOL_VERSION                      ; 13.1                                                      ; --            ; --          ; --             ;
; MAX_CORE_JUNCTION_TEMP               ; 85                                                        ; --            ; --          ; --             ;
; MIN_CORE_JUNCTION_TEMP               ; 0                                                         ; --            ; --          ; --             ;
; MISC_FILE                            ; ../Verilog/ipcores/ram0_2port/ram0_2port_bb.v             ; --            ; --          ; --             ;
; MISC_FILE                            ; ../Verilog/ipcores/ram0_2port/ram0_2port_syn.v            ; --            ; --          ; --             ;
; MISC_FILE                            ; ../Verilog/ipcores/pll0/pll0_bb.v                         ; --            ; --          ; --             ;
; MISC_FILE                            ; ../Verilog/ipcores/pll0/pll0.ppf                          ; --            ; --          ; --             ;
; MISC_FILE                            ; ../Verilog/ipcores/pll0/pll0_syn.v                        ; --            ; --          ; --             ;
; MISC_FILE                            ; ../Verilog/ipcores/pll1/pll1_bb.v                         ; --            ; --          ; --             ;
; MISC_FILE                            ; ../Verilog/ipcores/pll1/pll1.ppf                          ; --            ; --          ; --             ;
; MISC_FILE                            ; ../Verilog/ipcores/pll1/pll1_syn.v                        ; --            ; --          ; --             ;
; MISC_FILE                            ; ../Verilog/stp/fpga_training_ram/fpga_training_ram_inst.v ; --            ; --          ; --             ;
; MISC_FILE                            ; ../Verilog/stp/fpga_training_ram/fpga_training_ram_bb.v   ; --            ; --          ; --             ;
; PARTITION_COLOR                      ; 16764057                                                  ; --            ; --          ; Top            ;
; PARTITION_FITTER_PRESERVATION_LEVEL  ; PLACEMENT_AND_ROUTING                                     ; --            ; --          ; Top            ;
; PARTITION_NETLIST_TYPE               ; SOURCE                                                    ; --            ; --          ; Top            ;
; PROJECT_OUTPUT_DIRECTORY             ; output_files                                              ; --            ; --          ; --             ;
+--------------------------------------+-----------------------------------------------------------+---------------+-------------+----------------+


+-------------------------------------------------------------------------------------------------------------------------------+
; Flow Elapsed Time                                                                                                             ;
+---------------------------+--------------+-------------------------+---------------------+------------------------------------+
; Module Name               ; Elapsed Time ; Average Processors Used ; Peak Virtual Memory ; Total CPU Time (on all processors) ;
+---------------------------+--------------+-------------------------+---------------------+------------------------------------+
; Analysis & Synthesis      ; 00:00:04     ; 1.0                     ; 4739 MB             ; 00:00:04                           ;
; Fitter                    ; 00:00:05     ; 2.6                     ; 5461 MB             ; 00:00:06                           ;
; Assembler                 ; 00:00:01     ; 1.0                     ; 4593 MB             ; 00:00:01                           ;
; TimeQuest Timing Analyzer ; 00:00:03     ; 1.0                     ; 4710 MB             ; 00:00:02                           ;
; EDA Netlist Writer        ; 00:00:02     ; 1.0                     ; 4565 MB             ; 00:00:01                           ;
; Analysis & Synthesis      ; 00:00:05     ; 1.0                     ; 4737 MB             ; 00:00:04                           ;
; Partition Merge           ; 00:00:01     ; 1.0                     ; 4670 MB             ; 00:00:01                           ;
; Fitter                    ; 00:00:05     ; 1.0                     ; 5453 MB             ; 00:00:06                           ;
; Assembler                 ; 00:00:01     ; 1.0                     ; 4593 MB             ; 00:00:01                           ;
; TimeQuest Timing Analyzer ; 00:00:02     ; 1.0                     ; 4710 MB             ; 00:00:02                           ;
; EDA Netlist Writer        ; 00:00:02     ; 1.0                     ; 4565 MB             ; 00:00:01                           ;
; Analysis & Synthesis      ; 00:00:04     ; 1.0                     ; 4745 MB             ; 00:00:04                           ;
; Partition Merge           ; 00:00:01     ; 1.0                     ; 4663 MB             ; 00:00:01                           ;
; Fitter                    ; 00:00:05     ; 2.6                     ; 5467 MB             ; 00:00:06                           ;
; Assembler                 ; 00:00:00     ; 1.0                     ; 4602 MB             ; 00:00:01                           ;
; TimeQuest Timing Analyzer ; 00:00:03     ; 1.0                     ; 4710 MB             ; 00:00:02                           ;
; EDA Netlist Writer        ; 00:00:02     ; 1.0                     ; 4565 MB             ; 00:00:01                           ;
; Analysis & Synthesis      ; 00:00:04     ; 1.0                     ; 4736 MB             ; 00:00:04                           ;
; Partition Merge           ; 00:00:00     ; 1.0                     ; 4658 MB             ; 00:00:01                           ;
; Fitter                    ; 00:00:04     ; 2.7                     ; 5459 MB             ; 00:00:04                           ;
; Assembler                 ; 00:00:01     ; 1.0                     ; 4597 MB             ; 00:00:01                           ;
; TimeQuest Timing Analyzer ; 00:00:02     ; 1.0                     ; 4696 MB             ; 00:00:02                           ;
; EDA Netlist Writer        ; 00:00:01     ; 1.0                     ; 4563 MB             ; 00:00:01                           ;
; Analysis & Synthesis      ; 00:00:03     ; 2.3                     ; 4671 MB             ; 00:00:05                           ;
; Partition Merge           ; 00:00:00     ; 1.0                     ; 4655 MB             ; 00:00:01                           ;
; Fitter                    ; 00:00:04     ; 1.0                     ; 5451 MB             ; 00:00:04                           ;
; Assembler                 ; 00:00:01     ; 1.0                     ; 4602 MB             ; 00:00:01                           ;
; TimeQuest Timing Analyzer ; 00:00:02     ; 1.0                     ; 4701 MB             ; 00:00:01                           ;
; EDA Netlist Writer        ; 00:00:01     ; 1.0                     ; 4548 MB             ; 00:00:01                           ;
; Analysis & Synthesis      ; 00:00:02     ; 1.0                     ; 4672 MB             ; 00:00:02                           ;
; Partition Merge           ; 00:00:01     ; 1.0                     ; 4655 MB             ; 00:00:01                           ;
; Fitter                    ; 00:00:03     ; 2.7                     ; 5445 MB             ; 00:00:04                           ;
; Assembler                 ; 00:00:00     ; 1.0                     ; 4606 MB             ; 00:00:01                           ;
; TimeQuest Timing Analyzer ; 00:00:02     ; 1.0                     ; 4692 MB             ; 00:00:02                           ;
; EDA Netlist Writer        ; 00:00:01     ; 1.0                     ; 4552 MB             ; 00:00:01                           ;
; Analysis & Synthesis      ; 00:00:06     ; 2.0                     ; 4729 MB             ; 00:00:08                           ;
; Partition Merge           ; 00:00:01     ; 1.0                     ; 4659 MB             ; 00:00:01                           ;
; Fitter                    ; 00:00:06     ; 1.0                     ; 5470 MB             ; 00:00:06                           ;
; Assembler                 ; 00:00:01     ; 1.0                     ; 4602 MB             ; 00:00:01                           ;
; TimeQuest Timing Analyzer ; 00:00:03     ; 1.0                     ; 4710 MB             ; 00:00:02                           ;
; EDA Netlist Writer        ; 00:00:02     ; 1.0                     ; 4565 MB             ; 00:00:01                           ;
; Analysis & Synthesis      ; 00:00:04     ; 1.0                     ; 4741 MB             ; 00:00:04                           ;
; Partition Merge           ; 00:00:01     ; 1.0                     ; 4672 MB             ; 00:00:01                           ;
; Fitter                    ; 00:00:05     ; 1.0                     ; 5473 MB             ; 00:00:06                           ;
; Assembler                 ; 00:00:01     ; 1.0                     ; 4602 MB             ; 00:00:01                           ;
; TimeQuest Timing Analyzer ; 00:00:02     ; 1.0                     ; 4709 MB             ; 00:00:02                           ;
; EDA Netlist Writer        ; 00:00:02     ; 1.0                     ; 4565 MB             ; 00:00:01                           ;
; Analysis & Synthesis      ; 00:00:01     ; 1.0                     ; 4613 MB             ; 00:00:01                           ;
; Analysis & Synthesis      ; 00:00:07     ; 2.1                     ; 4733 MB             ; 00:00:10                           ;
; Partition Merge           ; 00:00:01     ; 1.0                     ; 4675 MB             ; 00:00:01                           ;
; Fitter                    ; 00:00:07     ; 1.0                     ; 5466 MB             ; 00:00:07                           ;
; Assembler                 ; 00:00:01     ; 1.0                     ; 4602 MB             ; 00:00:01                           ;
; TimeQuest Timing Analyzer ; 00:00:03     ; 1.0                     ; 4714 MB             ; 00:00:02                           ;
; EDA Netlist Writer        ; 00:00:03     ; 1.0                     ; 4570 MB             ; 00:00:01                           ;
; Analysis & Synthesis      ; 00:00:06     ; 1.5                     ; 4725 MB             ; 00:00:07                           ;
; Partition Merge           ; 00:00:01     ; 1.0                     ; 4677 MB             ; 00:00:01                           ;
; Fitter                    ; 00:00:06     ; 3.0                     ; 5465 MB             ; 00:00:06                           ;
; Assembler                 ; 00:00:01     ; 1.0                     ; 4606 MB             ; 00:00:01                           ;
; TimeQuest Timing Analyzer ; 00:00:03     ; 1.0                     ; 4717 MB             ; 00:00:02                           ;
; EDA Netlist Writer        ; 00:00:02     ; 1.0                     ; 4570 MB             ; 00:00:01                           ;
; Analysis & Synthesis      ; 00:00:03     ; 1.0                     ; 4697 MB             ; 00:00:03                           ;
; Analysis & Synthesis      ; 00:00:06     ; 1.8                     ; 4739 MB             ; 00:00:08                           ;
; Analysis & Synthesis      ; 00:00:04     ; 1.0                     ; 4737 MB             ; 00:00:04                           ;
; Partition Merge           ; 00:00:02     ; 1.0                     ; 4671 MB             ; 00:00:01                           ;
; Fitter                    ; 00:00:05     ; 1.0                     ; 5468 MB             ; 00:00:06                           ;
; Assembler                 ; 00:00:01     ; 1.0                     ; 4589 MB             ; 00:00:01                           ;
; TimeQuest Timing Analyzer ; 00:00:02     ; 1.0                     ; 4712 MB             ; 00:00:02                           ;
; EDA Netlist Writer        ; 00:00:02     ; 1.0                     ; 4581 MB             ; 00:00:01                           ;
; Assembler                 ; 00:00:01     ; 1.0                     ; 4598 MB             ; 00:00:01                           ;
; MIF/HEX Update            ; 00:00:00     ; 1.0                     ; 4644 MB             ; 00:00:00                           ;
; Analysis & Synthesis      ; 00:00:04     ; 1.0                     ; 4705 MB             ; 00:00:03                           ;
; Analysis & Synthesis      ; 00:00:03     ; 1.0                     ; 4697 MB             ; 00:00:03                           ;
; Analysis & Synthesis      ; 00:00:08     ; 2.5                     ; 4738 MB             ; 00:00:15                           ;
; Analysis & Synthesis      ; 00:00:04     ; 1.0                     ; 4722 MB             ; 00:00:03                           ;
; Analysis & Synthesis      ; 00:00:07     ; 2.1                     ; 4750 MB             ; 00:00:13                           ;
; Partition Merge           ; 00:00:01     ; 1.0                     ; 4674 MB             ; 00:00:01                           ;
; Fitter                    ; 00:00:05     ; 2.3                     ; 5253 MB             ; 00:00:05                           ;
; Analysis & Synthesis      ; 00:00:07     ; 1.9                     ; 4746 MB             ; 00:00:11                           ;
; Partition Merge           ; 00:00:01     ; 1.0                     ; 4684 MB             ; 00:00:01                           ;
; Fitter                    ; 00:00:06     ; 1.0                     ; 5250 MB             ; 00:00:06                           ;
; Analysis & Synthesis      ; 00:00:05     ; 1.0                     ; 4761 MB             ; 00:00:05                           ;
; Partition Merge           ; 00:00:01     ; 1.0                     ; 4673 MB             ; 00:00:01                           ;
; Fitter                    ; 00:00:08     ; 1.0                     ; 5486 MB             ; 00:00:09                           ;
; TimeQuest Timing Analyzer ; 00:00:03     ; 1.0                     ; 4731 MB             ; 00:00:03                           ;
; Assembler                 ; 00:00:01     ; 1.0                     ; 4597 MB             ; 00:00:01                           ;
; Analysis & Synthesis      ; 00:00:04     ; 1.0                     ; 4750 MB             ; 00:00:05                           ;
; Partition Merge           ; 00:00:02     ; 1.0                     ; 4683 MB             ; 00:00:02                           ;
; Fitter                    ; 00:00:07     ; 1.0                     ; 5495 MB             ; 00:00:09                           ;
; Analysis & Synthesis      ; 00:00:05     ; 1.0                     ; 4750 MB             ; 00:00:05                           ;
; Partition Merge           ; 00:00:02     ; 1.0                     ; 4684 MB             ; 00:00:02                           ;
; Fitter                    ; 00:00:08     ; 1.0                     ; 5496 MB             ; 00:00:09                           ;
; TimeQuest Timing Analyzer ; 00:00:03     ; 1.3                     ; 4734 MB             ; 00:00:03                           ;
; Analysis & Synthesis      ; 00:00:04     ; 1.0                     ; 4755 MB             ; 00:00:05                           ;
; Partition Merge           ; 00:00:01     ; 1.0                     ; 4680 MB             ; 00:00:02                           ;
; Fitter                    ; 00:00:01     ; 1.0                     ; 4894 MB             ; 00:00:02                           ;
; Fitter                    ; 00:00:02     ; 1.0                     ; 4899 MB             ; 00:00:02                           ;
; Analysis & Synthesis      ; 00:00:05     ; 1.0                     ; 4754 MB             ; 00:00:05                           ;
; Partition Merge           ; 00:00:02     ; 1.0                     ; 4680 MB             ; 00:00:02                           ;
; Fitter                    ; 00:00:07     ; 1.0                     ; 5492 MB             ; 00:00:08                           ;
; TimeQuest Timing Analyzer ; 00:00:03     ; 2.0                     ; 4752 MB             ; 00:00:03                           ;
; Assembler                 ; 00:00:00     ; 1.0                     ; 4601 MB             ; 00:00:01                           ;
; Assembler                 ; 00:00:01     ; 1.0                     ; 4601 MB             ; 00:00:01                           ;
; Partition Merge           ; 00:00:02     ; 1.0                     ; 4680 MB             ; 00:00:02                           ;
; Fitter                    ; 00:00:07     ; 1.0                     ; 5474 MB             ; 00:00:08                           ;
; Assembler                 ; 00:00:01     ; 1.0                     ; 4597 MB             ; 00:00:01                           ;
; Assembler                 ; 00:00:01     ; 1.0                     ; 4597 MB             ; 00:00:01                           ;
; Assembler                 ; 00:00:01     ; 1.0                     ; 4593 MB             ; 00:00:01                           ;
; Assembler                 ; 00:00:01     ; 1.0                     ; 4597 MB             ; 00:00:01                           ;
; TimeQuest Timing Analyzer ; 00:00:03     ; 1.0                     ; 4726 MB             ; 00:00:03                           ;
; Analysis & Synthesis      ; 00:00:06     ; 1.0                     ; 4753 MB             ; 00:00:05                           ;
; Partition Merge           ; 00:00:01     ; 1.0                     ; 4677 MB             ; 00:00:02                           ;
; Fitter                    ; 00:00:07     ; 1.0                     ; 5475 MB             ; 00:00:08                           ;
; Assembler                 ; 00:00:01     ; 1.0                     ; 4597 MB             ; 00:00:01                           ;
; Assembler                 ; 00:00:00     ; 1.0                     ; 4593 MB             ; 00:00:01                           ;
; Assembler                 ; 00:00:01     ; 1.0                     ; 4598 MB             ; 00:00:01                           ;
; Assembler                 ; 00:00:00     ; 1.0                     ; 4597 MB             ; 00:00:01                           ;
; Assembler                 ; 00:00:01     ; 1.0                     ; 4601 MB             ; 00:00:01                           ;
; Analysis & Synthesis      ; 00:00:05     ; 1.0                     ; 4754 MB             ; 00:00:05                           ;
; Partition Merge           ; 00:00:02     ; 1.0                     ; 4679 MB             ; 00:00:02                           ;
; Fitter                    ; 00:00:07     ; 1.0                     ; 5497 MB             ; 00:00:08                           ;
; Assembler                 ; 00:00:01     ; 1.0                     ; 4597 MB             ; 00:00:01                           ;
; TimeQuest Timing Analyzer ; 00:00:03     ; 1.5                     ; 4736 MB             ; 00:00:03                           ;
; EDA Netlist Writer        ; 00:00:04     ; 1.0                     ; 4586 MB             ; 00:00:02                           ;
; Assembler                 ; 00:00:01     ; 1.0                     ; 4605 MB             ; 00:00:01                           ;
; Assembler                 ; 00:00:01     ; 1.0                     ; 4601 MB             ; 00:00:01                           ;
; Assembler                 ; 00:00:01     ; 1.0                     ; 4601 MB             ; 00:00:01                           ;
; Assembler                 ; 00:00:01     ; 1.0                     ; 4601 MB             ; 00:00:01                           ;
; Assembler                 ; 00:00:01     ; 1.0                     ; 4601 MB             ; 00:00:01                           ;
; Total                     ; 00:06:01     ; --                      ; --                  ; 00:06:32                           ;
+---------------------------+--------------+-------------------------+---------------------+------------------------------------+


+----------------------------------------------------------------------------------------+
; Flow OS Summary                                                                        ;
+---------------------------+------------------+-----------+------------+----------------+
; Module Name               ; Machine Hostname ; OS Name   ; OS Version ; Processor type ;
+---------------------------+------------------+-----------+------------+----------------+
; Analysis & Synthesis      ; DESKTOP-RQBP54E  ; Windows 7 ; 6.2        ; x86_64         ;
; Fitter                    ; DESKTOP-RQBP54E  ; Windows 7 ; 6.2        ; x86_64         ;
; Assembler                 ; DESKTOP-RQBP54E  ; Windows 7 ; 6.2        ; x86_64         ;
; TimeQuest Timing Analyzer ; DESKTOP-RQBP54E  ; Windows 7 ; 6.2        ; x86_64         ;
; EDA Netlist Writer        ; DESKTOP-RQBP54E  ; Windows 7 ; 6.2        ; x86_64         ;
; Analysis & Synthesis      ; DESKTOP-RQBP54E  ; Windows 7 ; 6.2        ; x86_64         ;
; Partition Merge           ; DESKTOP-RQBP54E  ; Windows 7 ; 6.2        ; x86_64         ;
; Fitter                    ; DESKTOP-RQBP54E  ; Windows 7 ; 6.2        ; x86_64         ;
; Assembler                 ; DESKTOP-RQBP54E  ; Windows 7 ; 6.2        ; x86_64         ;
; TimeQuest Timing Analyzer ; DESKTOP-RQBP54E  ; Windows 7 ; 6.2        ; x86_64         ;
; EDA Netlist Writer        ; DESKTOP-RQBP54E  ; Windows 7 ; 6.2        ; x86_64         ;
; Analysis & Synthesis      ; DESKTOP-RQBP54E  ; Windows 7 ; 6.2        ; x86_64         ;
; Partition Merge           ; DESKTOP-RQBP54E  ; Windows 7 ; 6.2        ; x86_64         ;
; Fitter                    ; DESKTOP-RQBP54E  ; Windows 7 ; 6.2        ; x86_64         ;
; Assembler                 ; DESKTOP-RQBP54E  ; Windows 7 ; 6.2        ; x86_64         ;
; TimeQuest Timing Analyzer ; DESKTOP-RQBP54E  ; Windows 7 ; 6.2        ; x86_64         ;
; EDA Netlist Writer        ; DESKTOP-RQBP54E  ; Windows 7 ; 6.2        ; x86_64         ;
; Analysis & Synthesis      ; DESKTOP-RQBP54E  ; Windows 7 ; 6.2        ; x86_64         ;
; Partition Merge           ; DESKTOP-RQBP54E  ; Windows 7 ; 6.2        ; x86_64         ;
; Fitter                    ; DESKTOP-RQBP54E  ; Windows 7 ; 6.2        ; x86_64         ;
; Assembler                 ; DESKTOP-RQBP54E  ; Windows 7 ; 6.2        ; x86_64         ;
; TimeQuest Timing Analyzer ; DESKTOP-RQBP54E  ; Windows 7 ; 6.2        ; x86_64         ;
; EDA Netlist Writer        ; DESKTOP-RQBP54E  ; Windows 7 ; 6.2        ; x86_64         ;
; Analysis & Synthesis      ; DESKTOP-RQBP54E  ; Windows 7 ; 6.2        ; x86_64         ;
; Partition Merge           ; DESKTOP-RQBP54E  ; Windows 7 ; 6.2        ; x86_64         ;
; Fitter                    ; DESKTOP-RQBP54E  ; Windows 7 ; 6.2        ; x86_64         ;
; Assembler                 ; DESKTOP-RQBP54E  ; Windows 7 ; 6.2        ; x86_64         ;
; TimeQuest Timing Analyzer ; DESKTOP-RQBP54E  ; Windows 7 ; 6.2        ; x86_64         ;
; EDA Netlist Writer        ; DESKTOP-RQBP54E  ; Windows 7 ; 6.2        ; x86_64         ;
; Analysis & Synthesis      ; DESKTOP-RQBP54E  ; Windows 7 ; 6.2        ; x86_64         ;
; Partition Merge           ; DESKTOP-RQBP54E  ; Windows 7 ; 6.2        ; x86_64         ;
; Fitter                    ; DESKTOP-RQBP54E  ; Windows 7 ; 6.2        ; x86_64         ;
; Assembler                 ; DESKTOP-RQBP54E  ; Windows 7 ; 6.2        ; x86_64         ;
; TimeQuest Timing Analyzer ; DESKTOP-RQBP54E  ; Windows 7 ; 6.2        ; x86_64         ;
; EDA Netlist Writer        ; DESKTOP-RQBP54E  ; Windows 7 ; 6.2        ; x86_64         ;
; Analysis & Synthesis      ; DESKTOP-RQBP54E  ; Windows 7 ; 6.2        ; x86_64         ;
; Partition Merge           ; DESKTOP-RQBP54E  ; Windows 7 ; 6.2        ; x86_64         ;
; Fitter                    ; DESKTOP-RQBP54E  ; Windows 7 ; 6.2        ; x86_64         ;
; Assembler                 ; DESKTOP-RQBP54E  ; Windows 7 ; 6.2        ; x86_64         ;
; TimeQuest Timing Analyzer ; DESKTOP-RQBP54E  ; Windows 7 ; 6.2        ; x86_64         ;
; EDA Netlist Writer        ; DESKTOP-RQBP54E  ; Windows 7 ; 6.2        ; x86_64         ;
; Analysis & Synthesis      ; DESKTOP-RQBP54E  ; Windows 7 ; 6.2        ; x86_64         ;
; Partition Merge           ; DESKTOP-RQBP54E  ; Windows 7 ; 6.2        ; x86_64         ;
; Fitter                    ; DESKTOP-RQBP54E  ; Windows 7 ; 6.2        ; x86_64         ;
; Assembler                 ; DESKTOP-RQBP54E  ; Windows 7 ; 6.2        ; x86_64         ;
; TimeQuest Timing Analyzer ; DESKTOP-RQBP54E  ; Windows 7 ; 6.2        ; x86_64         ;
; EDA Netlist Writer        ; DESKTOP-RQBP54E  ; Windows 7 ; 6.2        ; x86_64         ;
; Analysis & Synthesis      ; DESKTOP-RQBP54E  ; Windows 7 ; 6.2        ; x86_64         ;
; Analysis & Synthesis      ; DESKTOP-RQBP54E  ; Windows 7 ; 6.2        ; x86_64         ;
; Partition Merge           ; DESKTOP-RQBP54E  ; Windows 7 ; 6.2        ; x86_64         ;
; Fitter                    ; DESKTOP-RQBP54E  ; Windows 7 ; 6.2        ; x86_64         ;
; Assembler                 ; DESKTOP-RQBP54E  ; Windows 7 ; 6.2        ; x86_64         ;
; TimeQuest Timing Analyzer ; DESKTOP-RQBP54E  ; Windows 7 ; 6.2        ; x86_64         ;
; EDA Netlist Writer        ; DESKTOP-RQBP54E  ; Windows 7 ; 6.2        ; x86_64         ;
; Analysis & Synthesis      ; DESKTOP-RQBP54E  ; Windows 7 ; 6.2        ; x86_64         ;
; Partition Merge           ; DESKTOP-RQBP54E  ; Windows 7 ; 6.2        ; x86_64         ;
; Fitter                    ; DESKTOP-RQBP54E  ; Windows 7 ; 6.2        ; x86_64         ;
; Assembler                 ; DESKTOP-RQBP54E  ; Windows 7 ; 6.2        ; x86_64         ;
; TimeQuest Timing Analyzer ; DESKTOP-RQBP54E  ; Windows 7 ; 6.2        ; x86_64         ;
; EDA Netlist Writer        ; DESKTOP-RQBP54E  ; Windows 7 ; 6.2        ; x86_64         ;
; Analysis & Synthesis      ; DESKTOP-RQBP54E  ; Windows 7 ; 6.2        ; x86_64         ;
; Analysis & Synthesis      ; DESKTOP-RQBP54E  ; Windows 7 ; 6.2        ; x86_64         ;
; Analysis & Synthesis      ; DESKTOP-RQBP54E  ; Windows 7 ; 6.2        ; x86_64         ;
; Partition Merge           ; DESKTOP-RQBP54E  ; Windows 7 ; 6.2        ; x86_64         ;
; Fitter                    ; DESKTOP-RQBP54E  ; Windows 7 ; 6.2        ; x86_64         ;
; Assembler                 ; DESKTOP-RQBP54E  ; Windows 7 ; 6.2        ; x86_64         ;
; TimeQuest Timing Analyzer ; DESKTOP-RQBP54E  ; Windows 7 ; 6.2        ; x86_64         ;
; EDA Netlist Writer        ; DESKTOP-RQBP54E  ; Windows 7 ; 6.2        ; x86_64         ;
; Assembler                 ; DESKTOP-RQBP54E  ; Windows 7 ; 6.2        ; x86_64         ;
; MIF/HEX Update            ; DESKTOP-RQBP54E  ; Windows 7 ; 6.2        ; x86_64         ;
; Analysis & Synthesis      ; DESKTOP-RQBP54E  ; Windows 7 ; 6.2        ; x86_64         ;
; Analysis & Synthesis      ; DESKTOP-RQBP54E  ; Windows 7 ; 6.2        ; x86_64         ;
; Analysis & Synthesis      ; DESKTOP-RQBP54E  ; Windows 7 ; 6.2        ; x86_64         ;
; Analysis & Synthesis      ; DESKTOP-RQBP54E  ; Windows 7 ; 6.2        ; x86_64         ;
; Analysis & Synthesis      ; DESKTOP-RQBP54E  ; Windows 7 ; 6.2        ; x86_64         ;
; Partition Merge           ; DESKTOP-RQBP54E  ; Windows 7 ; 6.2        ; x86_64         ;
; Fitter                    ; DESKTOP-RQBP54E  ; Windows 7 ; 6.2        ; x86_64         ;
; Analysis & Synthesis      ; DESKTOP-RQBP54E  ; Windows 7 ; 6.2        ; x86_64         ;
; Partition Merge           ; DESKTOP-RQBP54E  ; Windows 7 ; 6.2        ; x86_64         ;
; Fitter                    ; DESKTOP-RQBP54E  ; Windows 7 ; 6.2        ; x86_64         ;
; Analysis & Synthesis      ; DESKTOP-RQBP54E  ; Windows 7 ; 6.2        ; x86_64         ;
; Partition Merge           ; DESKTOP-RQBP54E  ; Windows 7 ; 6.2        ; x86_64         ;
; Fitter                    ; DESKTOP-RQBP54E  ; Windows 7 ; 6.2        ; x86_64         ;
; TimeQuest Timing Analyzer ; DESKTOP-RQBP54E  ; Windows 7 ; 6.2        ; x86_64         ;
; Assembler                 ; DESKTOP-RQBP54E  ; Windows 7 ; 6.2        ; x86_64         ;
; Analysis & Synthesis      ; DESKTOP-RQBP54E  ; Windows 7 ; 6.2        ; x86_64         ;
; Partition Merge           ; DESKTOP-RQBP54E  ; Windows 7 ; 6.2        ; x86_64         ;
; Fitter                    ; DESKTOP-RQBP54E  ; Windows 7 ; 6.2        ; x86_64         ;
; Analysis & Synthesis      ; DESKTOP-RQBP54E  ; Windows 7 ; 6.2        ; x86_64         ;
; Partition Merge           ; DESKTOP-RQBP54E  ; Windows 7 ; 6.2        ; x86_64         ;
; Fitter                    ; DESKTOP-RQBP54E  ; Windows 7 ; 6.2        ; x86_64         ;
; TimeQuest Timing Analyzer ; DESKTOP-RQBP54E  ; Windows 7 ; 6.2        ; x86_64         ;
; Analysis & Synthesis      ; DESKTOP-RQBP54E  ; Windows 7 ; 6.2        ; x86_64         ;
; Partition Merge           ; DESKTOP-RQBP54E  ; Windows 7 ; 6.2        ; x86_64         ;
; Fitter                    ; DESKTOP-RQBP54E  ; Windows 7 ; 6.2        ; x86_64         ;
; Fitter                    ; DESKTOP-RQBP54E  ; Windows 7 ; 6.2        ; x86_64         ;
; Analysis & Synthesis      ; DESKTOP-RQBP54E  ; Windows 7 ; 6.2        ; x86_64         ;
; Partition Merge           ; DESKTOP-RQBP54E  ; Windows 7 ; 6.2        ; x86_64         ;
; Fitter                    ; DESKTOP-RQBP54E  ; Windows 7 ; 6.2        ; x86_64         ;
; TimeQuest Timing Analyzer ; DESKTOP-RQBP54E  ; Windows 7 ; 6.2        ; x86_64         ;
; Assembler                 ; DESKTOP-RQBP54E  ; Windows 7 ; 6.2        ; x86_64         ;
; Assembler                 ; DESKTOP-RQBP54E  ; Windows 7 ; 6.2        ; x86_64         ;
; Partition Merge           ; DESKTOP-RQBP54E  ; Windows 7 ; 6.2        ; x86_64         ;
; Fitter                    ; DESKTOP-RQBP54E  ; Windows 7 ; 6.2        ; x86_64         ;
; Assembler                 ; DESKTOP-RQBP54E  ; Windows 7 ; 6.2        ; x86_64         ;
; Assembler                 ; DESKTOP-RQBP54E  ; Windows 7 ; 6.2        ; x86_64         ;
; Assembler                 ; DESKTOP-RQBP54E  ; Windows 7 ; 6.2        ; x86_64         ;
; Assembler                 ; DESKTOP-RQBP54E  ; Windows 7 ; 6.2        ; x86_64         ;
; TimeQuest Timing Analyzer ; DESKTOP-RQBP54E  ; Windows 7 ; 6.2        ; x86_64         ;
; Analysis & Synthesis      ; DESKTOP-RQBP54E  ; Windows 7 ; 6.2        ; x86_64         ;
; Partition Merge           ; DESKTOP-RQBP54E  ; Windows 7 ; 6.2        ; x86_64         ;
; Fitter                    ; DESKTOP-RQBP54E  ; Windows 7 ; 6.2        ; x86_64         ;
; Assembler                 ; DESKTOP-RQBP54E  ; Windows 7 ; 6.2        ; x86_64         ;
; Assembler                 ; DESKTOP-RQBP54E  ; Windows 7 ; 6.2        ; x86_64         ;
; Assembler                 ; DESKTOP-RQBP54E  ; Windows 7 ; 6.2        ; x86_64         ;
; Assembler                 ; DESKTOP-RQBP54E  ; Windows 7 ; 6.2        ; x86_64         ;
; Assembler                 ; DESKTOP-RQBP54E  ; Windows 7 ; 6.2        ; x86_64         ;
; Analysis & Synthesis      ; DESKTOP-RQBP54E  ; Windows 7 ; 6.2        ; x86_64         ;
; Partition Merge           ; DESKTOP-RQBP54E  ; Windows 7 ; 6.2        ; x86_64         ;
; Fitter                    ; DESKTOP-RQBP54E  ; Windows 7 ; 6.2        ; x86_64         ;
; Assembler                 ; DESKTOP-RQBP54E  ; Windows 7 ; 6.2        ; x86_64         ;
; TimeQuest Timing Analyzer ; DESKTOP-RQBP54E  ; Windows 7 ; 6.2        ; x86_64         ;
; EDA Netlist Writer        ; DESKTOP-RQBP54E  ; Windows 7 ; 6.2        ; x86_64         ;
; Assembler                 ; DESKTOP-RQBP54E  ; Windows 7 ; 6.2        ; x86_64         ;
; Assembler                 ; DESKTOP-RQBP54E  ; Windows 7 ; 6.2        ; x86_64         ;
; Assembler                 ; DESKTOP-RQBP54E  ; Windows 7 ; 6.2        ; x86_64         ;
; Assembler                 ; DESKTOP-RQBP54E  ; Windows 7 ; 6.2        ; x86_64         ;
; Assembler                 ; DESKTOP-RQBP54E  ; Windows 7 ; 6.2        ; x86_64         ;
+---------------------------+------------------+-----------+------------+----------------+


------------
; Flow Log ;
------------
quartus_map --read_settings_files=on --write_settings_files=off fpga_trainning -c top
quartus_fit --read_settings_files=off --write_settings_files=off fpga_trainning -c top
quartus_asm --read_settings_files=off --write_settings_files=off fpga_trainning -c top
quartus_sta fpga_trainning -c top
quartus_eda --read_settings_files=off --write_settings_files=off fpga_trainning -c top
quartus_map --read_settings_files=on --write_settings_files=off fpga_trainning -c top
quartus_cdb --read_settings_files=off --write_settings_files=off fpga_trainning -c top --merge=on
quartus_fit --read_settings_files=off --write_settings_files=off fpga_trainning -c top
quartus_asm --read_settings_files=off --write_settings_files=off fpga_trainning -c top
quartus_sta fpga_trainning -c top
quartus_eda --read_settings_files=off --write_settings_files=off fpga_trainning -c top
quartus_map --read_settings_files=on --write_settings_files=off fpga_trainning -c top
quartus_cdb --read_settings_files=off --write_settings_files=off fpga_trainning -c top --merge=on
quartus_fit --read_settings_files=off --write_settings_files=off fpga_trainning -c top
quartus_asm --read_settings_files=off --write_settings_files=off fpga_trainning -c top
quartus_sta fpga_trainning -c top
quartus_eda --read_settings_files=off --write_settings_files=off fpga_trainning -c top
quartus_map --read_settings_files=on --write_settings_files=off fpga_trainning -c top
quartus_cdb --read_settings_files=off --write_settings_files=off fpga_trainning -c top --merge=on
quartus_fit --read_settings_files=off --write_settings_files=off fpga_trainning -c top
quartus_asm --read_settings_files=off --write_settings_files=off fpga_trainning -c top
quartus_sta fpga_trainning -c top
quartus_eda --read_settings_files=off --write_settings_files=off fpga_trainning -c top
quartus_map --read_settings_files=on --write_settings_files=off fpga_trainning -c top
quartus_cdb --read_settings_files=off --write_settings_files=off fpga_trainning -c top --merge=on
quartus_fit --read_settings_files=off --write_settings_files=off fpga_trainning -c top
quartus_asm --read_settings_files=off --write_settings_files=off fpga_trainning -c top
quartus_sta fpga_trainning -c top
quartus_eda --read_settings_files=off --write_settings_files=off fpga_trainning -c top
quartus_map --read_settings_files=on --write_settings_files=off fpga_trainning -c top
quartus_cdb --read_settings_files=off --write_settings_files=off fpga_trainning -c top --merge=on
quartus_fit --read_settings_files=off --write_settings_files=off fpga_trainning -c top
quartus_asm --read_settings_files=off --write_settings_files=off fpga_trainning -c top
quartus_sta fpga_trainning -c top
quartus_eda --read_settings_files=off --write_settings_files=off fpga_trainning -c top
quartus_map --read_settings_files=on --write_settings_files=off fpga_trainning -c top
quartus_cdb --read_settings_files=off --write_settings_files=off fpga_trainning -c top --merge=on
quartus_fit --read_settings_files=off --write_settings_files=off fpga_trainning -c top
quartus_asm --read_settings_files=off --write_settings_files=off fpga_trainning -c top
quartus_sta fpga_trainning -c top
quartus_eda --read_settings_files=off --write_settings_files=off fpga_trainning -c top
quartus_map --read_settings_files=on --write_settings_files=off fpga_trainning -c top
quartus_cdb --read_settings_files=off --write_settings_files=off fpga_trainning -c top --merge=on
quartus_fit --read_settings_files=off --write_settings_files=off fpga_trainning -c top
quartus_asm --read_settings_files=off --write_settings_files=off fpga_trainning -c top
quartus_sta fpga_trainning -c top
quartus_eda --read_settings_files=off --write_settings_files=off fpga_trainning -c top
quartus_map --read_settings_files=on --write_settings_files=off fpga_trainning -c top
quartus_map --read_settings_files=on --write_settings_files=off fpga_trainning -c top
quartus_cdb --read_settings_files=off --write_settings_files=off fpga_trainning -c top --merge=on
quartus_fit --read_settings_files=off --write_settings_files=off fpga_trainning -c top
quartus_asm --read_settings_files=off --write_settings_files=off fpga_trainning -c top
quartus_sta fpga_trainning -c top
quartus_eda --read_settings_files=off --write_settings_files=off fpga_trainning -c top
quartus_map --read_settings_files=on --write_settings_files=off fpga_trainning -c top
quartus_cdb --read_settings_files=off --write_settings_files=off fpga_trainning -c top --merge=on
quartus_fit --read_settings_files=off --write_settings_files=off fpga_trainning -c top
quartus_asm --read_settings_files=off --write_settings_files=off fpga_trainning -c top
quartus_sta fpga_trainning -c top
quartus_eda --read_settings_files=off --write_settings_files=off fpga_trainning -c top
quartus_map --read_settings_files=on --write_settings_files=off fpga_trainning -c top
quartus_map --read_settings_files=on --write_settings_files=off fpga_trainning -c top
quartus_map --read_settings_files=on --write_settings_files=off fpga_trainning -c top
quartus_cdb --read_settings_files=off --write_settings_files=off fpga_trainning -c top --merge=on
quartus_fit --read_settings_files=off --write_settings_files=off fpga_trainning -c top
quartus_asm --read_settings_files=off --write_settings_files=off fpga_trainning -c top
quartus_sta fpga_trainning -c top
quartus_eda --read_settings_files=off --write_settings_files=off fpga_trainning -c top
quartus_asm --read_settings_files=off --write_settings_files=off fpga_trainning -c top
quartus_cdb fpga_trainning -c top --update_mif
quartus_map --read_settings_files=on --write_settings_files=off fpga_trainning -c top
quartus_map --read_settings_files=on --write_settings_files=off fpga_trainning -c top
quartus_map --read_settings_files=on --write_settings_files=off fpga_trainning -c top
quartus_map --read_settings_files=on --write_settings_files=off top -c top
quartus_map --read_settings_files=on --write_settings_files=off top -c top
quartus_cdb --read_settings_files=off --write_settings_files=off top -c top --merge=on
quartus_fit --read_settings_files=off --write_settings_files=off top -c top
quartus_map --read_settings_files=on --write_settings_files=off top -c top
quartus_cdb --read_settings_files=off --write_settings_files=off top -c top --merge=on
quartus_fit --read_settings_files=off --write_settings_files=off top -c top
quartus_map --read_settings_files=on --write_settings_files=off top -c top
quartus_cdb --read_settings_files=off --write_settings_files=off top -c top --merge=on
quartus_fit --read_settings_files=off --write_settings_files=off top -c top
quartus_sta top -c top
quartus_asm --read_settings_files=on --write_settings_files=off top -c top
quartus_map --read_settings_files=on --write_settings_files=off top -c top
quartus_cdb --read_settings_files=off --write_settings_files=off top -c top --merge=on
quartus_fit --read_settings_files=off --write_settings_files=off top -c top
quartus_map --read_settings_files=on --write_settings_files=off top -c top
quartus_cdb --read_settings_files=off --write_settings_files=off top -c top --merge=on
quartus_fit --read_settings_files=off --write_settings_files=off top -c top
quartus_sta top -c top
quartus_map --read_settings_files=on --write_settings_files=off top -c top
quartus_cdb --read_settings_files=off --write_settings_files=off top -c top --merge=on
quartus_fit --read_settings_files=off --write_settings_files=off top -c top
quartus_fit --read_settings_files=on --write_settings_files=off top -c top
quartus_map --read_settings_files=on --write_settings_files=off top -c top
quartus_cdb --read_settings_files=off --write_settings_files=off top -c top --merge=on
quartus_fit --read_settings_files=off --write_settings_files=off top -c top
quartus_sta top -c top
quartus_asm --read_settings_files=on --write_settings_files=off top -c top
quartus_asm --read_settings_files=on --write_settings_files=off top -c top
quartus_cdb --read_settings_files=on --write_settings_files=off top -c top --merge=on
quartus_fit --read_settings_files=off --write_settings_files=off top -c top
quartus_asm --read_settings_files=off --write_settings_files=off top -c top
quartus_asm --read_settings_files=off --write_settings_files=off top -c top
quartus_asm --read_settings_files=off --write_settings_files=off top -c top
quartus_asm --read_settings_files=off --write_settings_files=off top -c top
quartus_sta top -c top
quartus_map --read_settings_files=on --write_settings_files=off top -c top
quartus_cdb --read_settings_files=off --write_settings_files=off top -c top --merge=on
quartus_fit --read_settings_files=off --write_settings_files=off top -c top
quartus_asm --read_settings_files=on --write_settings_files=off top -c top
quartus_asm --read_settings_files=off --write_settings_files=off top -c top
quartus_asm --read_settings_files=off --write_settings_files=off top -c top
quartus_asm --read_settings_files=off --write_settings_files=off top -c top
quartus_asm --read_settings_files=off --write_settings_files=off top -c top
quartus_map --read_settings_files=on --write_settings_files=off top -c top
quartus_cdb --read_settings_files=off --write_settings_files=off top -c top --merge=on
quartus_fit --read_settings_files=off --write_settings_files=off top -c top
quartus_asm --read_settings_files=off --write_settings_files=off top -c top
quartus_sta top -c top
quartus_eda --read_settings_files=off --write_settings_files=off top -c top
quartus_asm --read_settings_files=off --write_settings_files=off top -c top
quartus_asm --read_settings_files=off --write_settings_files=off top -c top
quartus_asm --read_settings_files=off --write_settings_files=off top -c top
quartus_asm --read_settings_files=off --write_settings_files=off top -c top
quartus_asm --read_settings_files=off --write_settings_files=off top -c top



